[dotenv@17.2.1] injecting env (15) from .env -- tip: ⚙️  override existing env vars with { override: true }
[dotenv@17.2.1] injecting env (0) from .env -- tip: ⚙️  suppress all logs with { quiet: true }
🚀 开始部署HCF项目合约...
📝 部署账户: 0x5697Ad0e6E19f73f0fB824aEB92Fc1EB7B078Ae9
💰 账户余额: 18.622959844 BNB

🔧 第一步：部署基础合约...
📋 部署多签钱包...
✅ 多签钱包已部署: 0x3df246f746e9Ec8FF7d72056DAEc0bC0FbdFe4eC
📊 部署USDT Oracle...
✅ USDT Oracle已部署: 0x38278d8974792561eba0a895AF5C13490A8304dC
💎 部署BSDT稳定币...
✅ BSDT稳定币已部署: 0x622e568976f6cC2eaE4cfd3836d92F111000E787

🏗️ 第二步：部署核心合约...
🪙 部署HCF代币...
✅ HCF代币已部署: 0x09F320b75e6A74994713a0e4Be54eF8f09fbaEcc
🔒 部署HCF质押合约...
✅ HCF质押合约已部署: 0x6E4e682Cc90124Ef66a8cfC8Fc875CF5Ee8E8a74
👥 部署HCF推荐合约...
✅ HCF推荐合约已部署: 0x40C12569C35464CA7E3D9e5Fd30B949972694b8b
🎨 部署HCF节点NFT...
✅ HCF节点NFT已部署: 0xac851E1494a87dEb81D777AD34c02C6cA04e66Ea

⚙️ 第三步：部署功能合约...
💱 部署HCF-BSDT交易所...
✅ HCF-BSDT交易所已部署: 0x5BEb9574EDaD01F182A3A573F8f251F6DaE80D00
🔥 部署HCF销毁机制...
✅ HCF销毁机制已部署: 0x3297CD8389DEb5D503d2EaCE79907543e6E3b966
🛡️ 部署HCF无常损失保护...
✅ HCF无常损失保护已部署: 0x9384e444f12B8a5f50f93649335CEb3e8a3193F9
📈 部署HCF市场控制...
✅ HCF市场控制已部署: 0x6EdBA2377E8272Fd3ADEA821B1D4564B85F03282
🏆 部署HCF排名奖励...
✅ HCF排名奖励已部署: 0x8c2f46A5F65F4feba28e284D99F275d75f6691A1

🔗 第四步：配置合约关系...
🔧 配置HCF代币多签钱包...
✅ HCF代币多签钱包已设置
🔧 配置其他合约的合约地址...
✅ 合约地址已设置
🔧 配置其他合约的多签钱包地址...
✅ 多签钱包地址已设置

🎉 部署完成！

📋 合约地址汇总：
多签钱包: 0x3df246f746e9Ec8FF7d72056DAEc0bC0FbdFe4eC
USDT Oracle: 0x38278d8974792561eba0a895AF5C13490A8304dC
BSDT稳定币: 0x622e568976f6cC2eaE4cfd3836d92F111000E787
HCF代币: 0x09F320b75e6A74994713a0e4Be54eF8f09fbaEcc
HCF质押: 0x6E4e682Cc90124Ef66a8cfC8Fc875CF5Ee8E8a74
HCF推荐: 0x40C12569C35464CA7E3D9e5Fd30B949972694b8b
HCF节点NFT: 0xac851E1494a87dEb81D777AD34c02C6cA04e66Ea
HCF-BSDT交易所: 0x5BEb9574EDaD01F182A3A573F8f251F6DaE80D00
HCF销毁机制: 0x3297CD8389DEb5D503d2EaCE79907543e6E3b966
HCF无常损失保护: 0x9384e444f12B8a5f50f93649335CEb3e8a3193F9
HCF市场控制: 0x6EdBA2377E8272Fd3ADEA821B1D4564B85F03282
HCF排名奖励: 0x8c2f46A5F65F4feba28e284D99F275d75f6691A1

💡 下一步：
1. 保存这些地址到.env文件
2. 在BSCScan上验证合约
3. 测试合约功能
4. 启动后端API
